<?xml version="1.0" encoding="UTF-8"?>
<testsuite xmlns:xsi="http://www.w3.org/2001/XMLSchema-instance" xsi:noNamespaceSchemaLocation="https://maven.apache.org/surefire/maven-surefire-plugin/xsd/surefire-test-report.xsd" name="com.example.AppTest" time="0.055" tests="1" errors="0" skipped="0" failures="0">
  <properties>
    <property name="java.specification.version" value="17"/>
    <property name="sun.cpu.isalist" value="amd64"/>
    <property name="sun.jnu.encoding" value="Cp1252"/>
    <property name="java.class.path" value="C:\Users\ababk\Documents\Coding\The-Loop\my-app\target\test-classes;C:\Users\ababk\Documents\Coding\The-Loop\my-app\target\classes;C:\Users\ababk\.m2\repository\junit\junit\4.11\junit-4.11.jar;C:\Users\ababk\.m2\repository\org\hamcrest\hamcrest-core\1.3\hamcrest-core-1.3.jar;C:\Users\ababk\.m2\repository\software\amazon\awssdk\dynamodb\2.35.9\dynamodb-2.35.9.jar;C:\Users\ababk\.m2\repository\software\amazon\awssdk\aws-json-protocol\2.35.9\aws-json-protocol-2.35.9.jar;C:\Users\ababk\.m2\repository\software\amazon\awssdk\third-party-jackson-core\2.35.9\third-party-jackson-core-2.35.9.jar;C:\Users\ababk\.m2\repository\software\amazon\awssdk\protocol-core\2.35.9\protocol-core-2.35.9.jar;C:\Users\ababk\.m2\repository\software\amazon\awssdk\profiles\2.35.9\profiles-2.35.9.jar;C:\Users\ababk\.m2\repository\software\amazon\awssdk\retries-spi\2.35.9\retries-spi-2.35.9.jar;C:\Users\ababk\.m2\repository\software\amazon\awssdk\http-auth-aws\2.35.9\http-auth-aws-2.35.9.jar;C:\Users\ababk\.m2\repository\software\amazon\awssdk\checksums-spi\2.35.9\checksums-spi-2.35.9.jar;C:\Users\ababk\.m2\repository\software\amazon\awssdk\checksums\2.35.9\checksums-2.35.9.jar;C:\Users\ababk\.m2\repository\software\amazon\awssdk\sdk-core\2.35.9\sdk-core-2.35.9.jar;C:\Users\ababk\.m2\repository\software\amazon\awssdk\retries\2.35.9\retries-2.35.9.jar;C:\Users\ababk\.m2\repository\org\slf4j\slf4j-api\1.7.36\slf4j-api-1.7.36.jar;C:\Users\ababk\.m2\repository\org\reactivestreams\reactive-streams\1.0.4\reactive-streams-1.0.4.jar;C:\Users\ababk\.m2\repository\software\amazon\awssdk\auth\2.35.9\auth-2.35.9.jar;C:\Users\ababk\.m2\repository\software\amazon\awssdk\http-auth-aws-eventstream\2.35.9\http-auth-aws-eventstream-2.35.9.jar;C:\Users\ababk\.m2\repository\software\amazon\eventstream\eventstream\1.0.1\eventstream-1.0.1.jar;C:\Users\ababk\.m2\repository\software\amazon\awssdk\http-auth-spi\2.35.9\http-auth-spi-2.35.9.jar;C:\Users\ababk\.m2\repository\software\amazon\awssdk\http-auth\2.35.9\http-auth-2.35.9.jar;C:\Users\ababk\.m2\repository\software\amazon\awssdk\identity-spi\2.35.9\identity-spi-2.35.9.jar;C:\Users\ababk\.m2\repository\software\amazon\awssdk\http-client-spi\2.35.9\http-client-spi-2.35.9.jar;C:\Users\ababk\.m2\repository\software\amazon\awssdk\regions\2.35.9\regions-2.35.9.jar;C:\Users\ababk\.m2\repository\software\amazon\awssdk\annotations\2.35.9\annotations-2.35.9.jar;C:\Users\ababk\.m2\repository\software\amazon\awssdk\utils\2.35.9\utils-2.35.9.jar;C:\Users\ababk\.m2\repository\software\amazon\awssdk\aws-core\2.35.9\aws-core-2.35.9.jar;C:\Users\ababk\.m2\repository\software\amazon\awssdk\utils-lite\2.35.9\utils-lite-2.35.9.jar;C:\Users\ababk\.m2\repository\software\amazon\awssdk\metrics-spi\2.35.9\metrics-spi-2.35.9.jar;C:\Users\ababk\.m2\repository\software\amazon\awssdk\json-utils\2.35.9\json-utils-2.35.9.jar;C:\Users\ababk\.m2\repository\software\amazon\awssdk\endpoints-spi\2.35.9\endpoints-spi-2.35.9.jar;C:\Users\ababk\.m2\repository\software\amazon\awssdk\apache-client\2.35.9\apache-client-2.35.9.jar;C:\Users\ababk\.m2\repository\org\apache\httpcomponents\httpclient\4.5.13\httpclient-4.5.13.jar;C:\Users\ababk\.m2\repository\commons-logging\commons-logging\1.2\commons-logging-1.2.jar;C:\Users\ababk\.m2\repository\org\apache\httpcomponents\httpcore\4.4.16\httpcore-4.4.16.jar;C:\Users\ababk\.m2\repository\commons-codec\commons-codec\1.17.1\commons-codec-1.17.1.jar;C:\Users\ababk\.m2\repository\software\amazon\awssdk\netty-nio-client\2.35.9\netty-nio-client-2.35.9.jar;C:\Users\ababk\.m2\repository\io\netty\netty-codec-http\4.1.126.Final\netty-codec-http-4.1.126.Final.jar;C:\Users\ababk\.m2\repository\io\netty\netty-codec-http2\4.1.126.Final\netty-codec-http2-4.1.126.Final.jar;C:\Users\ababk\.m2\repository\io\netty\netty-codec\4.1.126.Final\netty-codec-4.1.126.Final.jar;C:\Users\ababk\.m2\repository\io\netty\netty-transport\4.1.126.Final\netty-transport-4.1.126.Final.jar;C:\Users\ababk\.m2\repository\io\netty\netty-common\4.1.126.Final\netty-common-4.1.126.Final.jar;C:\Users\ababk\.m2\repository\io\netty\netty-buffer\4.1.126.Final\netty-buffer-4.1.126.Final.jar;C:\Users\ababk\.m2\repository\io\netty\netty-handler\4.1.126.Final\netty-handler-4.1.126.Final.jar;C:\Users\ababk\.m2\repository\io\netty\netty-transport-native-unix-common\4.1.126.Final\netty-transport-native-unix-common-4.1.126.Final.jar;C:\Users\ababk\.m2\repository\io\netty\netty-transport-classes-epoll\4.1.126.Final\netty-transport-classes-epoll-4.1.126.Final.jar;C:\Users\ababk\.m2\repository\io\netty\netty-resolver\4.1.126.Final\netty-resolver-4.1.126.Final.jar;"/>
    <property name="java.vm.vendor" value="Eclipse Adoptium"/>
    <property name="sun.arch.data.model" value="64"/>
    <property name="user.variant" value=""/>
    <property name="java.vendor.url" value="https://adoptium.net/"/>
    <property name="user.timezone" value="America/New_York"/>
    <property name="os.name" value="Windows 11"/>
    <property name="java.vm.specification.version" value="17"/>
    <property name="sun.java.launcher" value="SUN_STANDARD"/>
    <property name="user.country" value="US"/>
    <property name="sun.boot.library.path" value="C:\Program Files\Eclipse Adoptium\jdk-17.0.12.7-hotspot\bin"/>
    <property name="sun.java.command" value="C:\Users\ababk\AppData\Local\Temp\surefire9735060641075960800\surefirebooter15927433009375283097.jar C:\Users\ababk\AppData\Local\Temp\surefire9735060641075960800 2025-10-18T20-16-41_990-jvmRun1 surefire14220195189197686229tmp surefire_014325753168813554276tmp"/>
    <property name="jdk.debug" value="release"/>
    <property name="surefire.test.class.path" value="C:\Users\ababk\Documents\Coding\The-Loop\my-app\target\test-classes;C:\Users\ababk\Documents\Coding\The-Loop\my-app\target\classes;C:\Users\ababk\.m2\repository\junit\junit\4.11\junit-4.11.jar;C:\Users\ababk\.m2\repository\org\hamcrest\hamcrest-core\1.3\hamcrest-core-1.3.jar;C:\Users\ababk\.m2\repository\software\amazon\awssdk\dynamodb\2.35.9\dynamodb-2.35.9.jar;C:\Users\ababk\.m2\repository\software\amazon\awssdk\aws-json-protocol\2.35.9\aws-json-protocol-2.35.9.jar;C:\Users\ababk\.m2\repository\software\amazon\awssdk\third-party-jackson-core\2.35.9\third-party-jackson-core-2.35.9.jar;C:\Users\ababk\.m2\repository\software\amazon\awssdk\protocol-core\2.35.9\protocol-core-2.35.9.jar;C:\Users\ababk\.m2\repository\software\amazon\awssdk\profiles\2.35.9\profiles-2.35.9.jar;C:\Users\ababk\.m2\repository\software\amazon\awssdk\retries-spi\2.35.9\retries-spi-2.35.9.jar;C:\Users\ababk\.m2\repository\software\amazon\awssdk\http-auth-aws\2.35.9\http-auth-aws-2.35.9.jar;C:\Users\ababk\.m2\repository\software\amazon\awssdk\checksums-spi\2.35.9\checksums-spi-2.35.9.jar;C:\Users\ababk\.m2\repository\software\amazon\awssdk\checksums\2.35.9\checksums-2.35.9.jar;C:\Users\ababk\.m2\repository\software\amazon\awssdk\sdk-core\2.35.9\sdk-core-2.35.9.jar;C:\Users\ababk\.m2\repository\software\amazon\awssdk\retries\2.35.9\retries-2.35.9.jar;C:\Users\ababk\.m2\repository\org\slf4j\slf4j-api\1.7.36\slf4j-api-1.7.36.jar;C:\Users\ababk\.m2\repository\org\reactivestreams\reactive-streams\1.0.4\reactive-streams-1.0.4.jar;C:\Users\ababk\.m2\repository\software\amazon\awssdk\auth\2.35.9\auth-2.35.9.jar;C:\Users\ababk\.m2\repository\software\amazon\awssdk\http-auth-aws-eventstream\2.35.9\http-auth-aws-eventstream-2.35.9.jar;C:\Users\ababk\.m2\repository\software\amazon\eventstream\eventstream\1.0.1\eventstream-1.0.1.jar;C:\Users\ababk\.m2\repository\software\amazon\awssdk\http-auth-spi\2.35.9\http-auth-spi-2.35.9.jar;C:\Users\ababk\.m2\repository\software\amazon\awssdk\http-auth\2.35.9\http-auth-2.35.9.jar;C:\Users\ababk\.m2\repository\software\amazon\awssdk\identity-spi\2.35.9\identity-spi-2.35.9.jar;C:\Users\ababk\.m2\repository\software\amazon\awssdk\http-client-spi\2.35.9\http-client-spi-2.35.9.jar;C:\Users\ababk\.m2\repository\software\amazon\awssdk\regions\2.35.9\regions-2.35.9.jar;C:\Users\ababk\.m2\repository\software\amazon\awssdk\annotations\2.35.9\annotations-2.35.9.jar;C:\Users\ababk\.m2\repository\software\amazon\awssdk\utils\2.35.9\utils-2.35.9.jar;C:\Users\ababk\.m2\repository\software\amazon\awssdk\aws-core\2.35.9\aws-core-2.35.9.jar;C:\Users\ababk\.m2\repository\software\amazon\awssdk\utils-lite\2.35.9\utils-lite-2.35.9.jar;C:\Users\ababk\.m2\repository\software\amazon\awssdk\metrics-spi\2.35.9\metrics-spi-2.35.9.jar;C:\Users\ababk\.m2\repository\software\amazon\awssdk\json-utils\2.35.9\json-utils-2.35.9.jar;C:\Users\ababk\.m2\repository\software\amazon\awssdk\endpoints-spi\2.35.9\endpoints-spi-2.35.9.jar;C:\Users\ababk\.m2\repository\software\amazon\awssdk\apache-client\2.35.9\apache-client-2.35.9.jar;C:\Users\ababk\.m2\repository\org\apache\httpcomponents\httpclient\4.5.13\httpclient-4.5.13.jar;C:\Users\ababk\.m2\repository\commons-logging\commons-logging\1.2\commons-logging-1.2.jar;C:\Users\ababk\.m2\repository\org\apache\httpcomponents\httpcore\4.4.16\httpcore-4.4.16.jar;C:\Users\ababk\.m2\repository\commons-codec\commons-codec\1.17.1\commons-codec-1.17.1.jar;C:\Users\ababk\.m2\repository\software\amazon\awssdk\netty-nio-client\2.35.9\netty-nio-client-2.35.9.jar;C:\Users\ababk\.m2\repository\io\netty\netty-codec-http\4.1.126.Final\netty-codec-http-4.1.126.Final.jar;C:\Users\ababk\.m2\repository\io\netty\netty-codec-http2\4.1.126.Final\netty-codec-http2-4.1.126.Final.jar;C:\Users\ababk\.m2\repository\io\netty\netty-codec\4.1.126.Final\netty-codec-4.1.126.Final.jar;C:\Users\ababk\.m2\repository\io\netty\netty-transport\4.1.126.Final\netty-transport-4.1.126.Final.jar;C:\Users\ababk\.m2\repository\io\netty\netty-common\4.1.126.Final\netty-common-4.1.126.Final.jar;C:\Users\ababk\.m2\repository\io\netty\netty-buffer\4.1.126.Final\netty-buffer-4.1.126.Final.jar;C:\Users\ababk\.m2\repository\io\netty\netty-handler\4.1.126.Final\netty-handler-4.1.126.Final.jar;C:\Users\ababk\.m2\repository\io\netty\netty-transport-native-unix-common\4.1.126.Final\netty-transport-native-unix-common-4.1.126.Final.jar;C:\Users\ababk\.m2\repository\io\netty\netty-transport-classes-epoll\4.1.126.Final\netty-transport-classes-epoll-4.1.126.Final.jar;C:\Users\ababk\.m2\repository\io\netty\netty-resolver\4.1.126.Final\netty-resolver-4.1.126.Final.jar;"/>
    <property name="sun.cpu.endian" value="little"/>
    <property name="user.home" value="C:\Users\ababk"/>
    <property name="user.language" value="en"/>
    <property name="java.specification.vendor" value="Oracle Corporation"/>
    <property name="java.version.date" value="2024-07-16"/>
    <property name="java.home" value="C:\Program Files\Eclipse Adoptium\jdk-17.0.12.7-hotspot"/>
    <property name="file.separator" value="\"/>
    <property name="basedir" value="C:\Users\ababk\Documents\Coding\The-Loop\my-app"/>
    <property name="java.vm.compressedOopsMode" value="Zero based"/>
    <property name="line.separator" value="&#10;"/>
    <property name="java.vm.specification.vendor" value="Oracle Corporation"/>
    <property name="java.specification.name" value="Java Platform API Specification"/>
    <property name="surefire.real.class.path" value="C:\Users\ababk\AppData\Local\Temp\surefire9735060641075960800\surefirebooter15927433009375283097.jar"/>
    <property name="user.script" value=""/>
    <property name="sun.management.compiler" value="HotSpot 64-Bit Tiered Compilers"/>
    <property name="java.runtime.version" value="17.0.12+7"/>
    <property name="user.name" value="ababk"/>
    <property name="path.separator" value=";"/>
    <property name="os.version" value="10.0"/>
    <property name="java.runtime.name" value="OpenJDK Runtime Environment"/>
    <property name="file.encoding" value="Cp1252"/>
    <property name="java.vm.name" value="OpenJDK 64-Bit Server VM"/>
    <property name="java.vendor.version" value="Temurin-17.0.12+7"/>
    <property name="localRepository" value="C:\Users\ababk\.m2\repository"/>
    <property name="java.vendor.url.bug" value="https://github.com/adoptium/adoptium-support/issues"/>
    <property name="java.io.tmpdir" value="C:\Users\ababk\AppData\Local\Temp\"/>
    <property name="java.version" value="17.0.12"/>
    <property name="user.dir" value="C:\Users\ababk\Documents\Coding\The-Loop\my-app"/>
    <property name="os.arch" value="amd64"/>
    <property name="java.vm.specification.name" value="Java Virtual Machine Specification"/>
    <property name="sun.os.patch.level" value=""/>
    <property name="native.encoding" value="Cp1252"/>
    <property name="java.library.path" value="C:\Program Files\Eclipse Adoptium\jdk-17.0.12.7-hotspot\bin;C:\WINDOWS\Sun\Java\bin;C:\WINDOWS\system32;C:\WINDOWS;C:\Users\ababk\bin;C:\Program Files\Git\mingw64\bin;C:\Program Files\Git\usr\local\bin;C:\Program Files\Git\usr\bin;C:\Program Files\Git\usr\bin;C:\Program Files\Git\mingw64\bin;C:\Program Files\Git\usr\bin;C:\Users\ababk\bin;C:\Users\ababk\flutter\bin\cache\dart-sdk\bin;C:\Python313\Scripts;C:\Python313;C:\Program Files\Common Files\Oracle\Java\javapath;C:\Program Files\Eclipse Adoptium\jdk-11.0.24.8-hotspot\bin;C:\Program Files\Eclipse Adoptium\jdk-17.0.12.7-hotspot\bin;C:\WINDOWS\system32;C:\WINDOWS;C:\WINDOWS\System32\Wbem;C:\WINDOWS\System32\WindowsPowerShell\v1.0;C:\WINDOWS\System32\OpenSSH;C:\Program Files\Git\cmd;C:\Program Files\Apache Maven\apache-maven-3.9.11\bin;C:\Program Files\nodejs;C:\ProgramData\chocolatey\bin;C:\Users\ababk\anaconda3;C:\Users\ababk\anaconda3\Library\mingw-w64\bin;C:\Users\ababk\anaconda3\Library\usr\bin;C:\Users\ababk\anaconda3\Library\bin;C:\Users\ababk\anaconda3\Scripts;C:\Users\ababk\AppData\Local\Microsoft\WindowsApps;C:\Users\ababk\AppData\Local\Programs\Microsoft VS Code\bin;C:\texlive\2024\bin\windows;C:\Users\ababk\AppData\Roaming\npm;C:\Users\ababk\flutter\bin;C:\Users\ababk\AppData\Roaming\Code\User\globalStorage\github.copilot-chat\debugCommand;C:\Program Files\Git\usr\bin\vendor_perl;C:\Program Files\Git\usr\bin\core_perl;."/>
    <property name="java.vm.info" value="mixed mode, sharing"/>
    <property name="java.vendor" value="Eclipse Adoptium"/>
    <property name="java.vm.version" value="17.0.12+7"/>
    <property name="sun.io.unicode.encoding" value="UnicodeLittle"/>
    <property name="java.class.version" value="61.0"/>
  </properties>
  <testcase name="shouldAnswerWithTrue" classname="com.example.AppTest" time="0.002"/>
</testsuite>